Build started 05/11/2013 08:07:24.
     1>Project "C:\Users\Alexandre Werneck\Documents\Visual Studio 2010\Projects\microcompiler\microcompiler\microcompiler.vcxproj" on node 2 (build target(s)).
     1>PrepareForBuild:
         Creating directory "C:\Users\Alexandre Werneck\Documents\Visual Studio 2010\Projects\microcompiler\Debug\".
       InitializeBuildStatus:
         Creating "Debug\microcompiler.unsuccessfulbuild" because "AlwaysCreate" was specified.
       ClCompile:
         C:\Program Files (x86)\Microsoft Visual Studio 10.0\VC\bin\CL.exe /c /ZI /nologo /W3 /WX- /Od /Oy- /D WIN32 /D _DEBUG /D _CONSOLE /D _UNICODE /D UNICODE /Gm /EHsc /RTC1 /MDd /GS /fp:precise /Zc:wchar_t /Zc:forScope /Fo"Debug\\" /Fd"Debug\vc100.pdb" /Gd /TC /analyze- /errorReport:prompt microcompiler.c
         microcompiler.c
     1>c:\users\alexandre werneck\documents\visual studio 2010\projects\microcompiler\microcompiler\microcompiler.c(10): warning C4996: 'fopen': This function or variable may be unsafe. Consider using fopen_s instead. To disable deprecation, use _CRT_SECURE_NO_WARNINGS. See online help for details.
                 c:\program files (x86)\microsoft visual studio 10.0\vc\include\stdio.h(234) : see declaration of 'fopen'
       ManifestResourceCompile:
         C:\Program Files (x86)\Microsoft SDKs\Windows\v7.0A\bin\rc.exe /nologo /fo"Debug\microcompiler.exe.embed.manifest.res" Debug\microcompiler_manifest.rc 
       Link:
         C:\Program Files (x86)\Microsoft Visual Studio 10.0\VC\bin\link.exe /ERRORREPORT:PROMPT /OUT:"C:\Users\Alexandre Werneck\Documents\Visual Studio 2010\Projects\microcompiler\Debug\microcompiler.exe" /INCREMENTAL /NOLOGO kernel32.lib user32.lib gdi32.lib winspool.lib comdlg32.lib advapi32.lib shell32.lib ole32.lib oleaut32.lib uuid.lib odbc32.lib odbccp32.lib /MANIFEST /ManifestFile:"Debug\microcompiler.exe.intermediate.manifest" /MANIFESTUAC:"level='asInvoker' uiAccess='false'" /DEBUG /PDB:"C:\Users\Alexandre Werneck\Documents\Visual Studio 2010\Projects\microcompiler\Debug\microcompiler.pdb" /SUBSYSTEM:CONSOLE /TLBID:1 /DYNAMICBASE /NXCOMPAT /IMPLIB:"C:\Users\Alexandre Werneck\Documents\Visual Studio 2010\Projects\microcompiler\Debug\microcompiler.lib" /MACHINE:X86 Debug\microcompiler.exe.embed.manifest.res
         Debug\microcompiler.obj
       Manifest:
         C:\Program Files (x86)\Microsoft SDKs\Windows\v7.0A\bin\mt.exe /nologo /verbose /out:"Debug\microcompiler.exe.embed.manifest" /manifest Debug\microcompiler.exe.intermediate.manifest
         C:\Program Files (x86)\Microsoft SDKs\Windows\v7.0A\bin\rc.exe /nologo /fo"Debug\microcompiler.exe.embed.manifest.res" Debug\microcompiler_manifest.rc 
       LinkEmbedManifest:
         C:\Program Files (x86)\Microsoft Visual Studio 10.0\VC\bin\link.exe /ERRORREPORT:PROMPT /OUT:"C:\Users\Alexandre Werneck\Documents\Visual Studio 2010\Projects\microcompiler\Debug\microcompiler.exe" /INCREMENTAL /NOLOGO kernel32.lib user32.lib gdi32.lib winspool.lib comdlg32.lib advapi32.lib shell32.lib ole32.lib oleaut32.lib uuid.lib odbc32.lib odbccp32.lib /MANIFEST /ManifestFile:"Debug\microcompiler.exe.intermediate.manifest" /MANIFESTUAC:"level='asInvoker' uiAccess='false'" /DEBUG /PDB:"C:\Users\Alexandre Werneck\Documents\Visual Studio 2010\Projects\microcompiler\Debug\microcompiler.pdb" /SUBSYSTEM:CONSOLE /TLBID:1 /DYNAMICBASE /NXCOMPAT /IMPLIB:"C:\Users\Alexandre Werneck\Documents\Visual Studio 2010\Projects\microcompiler\Debug\microcompiler.lib" /MACHINE:X86 Debug\microcompiler.exe.embed.manifest.res
         Debug\microcompiler.obj
         microcompiler.vcxproj -> C:\Users\Alexandre Werneck\Documents\Visual Studio 2010\Projects\microcompiler\Debug\microcompiler.exe
       FinalizeBuildStatus:
         Deleting file "Debug\microcompiler.unsuccessfulbuild".
         Touching "Debug\microcompiler.lastbuildstate".
     1>Done Building Project "C:\Users\Alexandre Werneck\Documents\Visual Studio 2010\Projects\microcompiler\microcompiler\microcompiler.vcxproj" (build target(s)).

Build succeeded.

Time Elapsed 00:00:08.27
